0 info it worked if it ends with ok
1 verbose cli [ '/usr/local/bin/node',
1 verbose cli   '/usr/local/bin/npm',
1 verbose cli   'install',
1 verbose cli   '--save',
1 verbose cli   'socket.io' ]
2 info using npm@1.4.28
3 info using node@v0.10.32
4 warn package.json translate-app@0.0.1 No repository field.
5 verbose readDependencies using package.json deps
6 verbose cache add [ 'socket.io', null ]
7 verbose cache add name=undefined spec="socket.io" args=["socket.io",null]
8 verbose parsed url { protocol: null,
8 verbose parsed url   slashes: null,
8 verbose parsed url   auth: null,
8 verbose parsed url   host: null,
8 verbose parsed url   port: null,
8 verbose parsed url   hostname: null,
8 verbose parsed url   hash: null,
8 verbose parsed url   search: null,
8 verbose parsed url   query: null,
8 verbose parsed url   pathname: 'socket.io',
8 verbose parsed url   path: 'socket.io',
8 verbose parsed url   href: 'socket.io' }
9 silly lockFile 71475bfd-socket-io socket.io
10 verbose lock socket.io /home/ventura/.npm/71475bfd-socket-io.lock
11 silly lockFile 71475bfd-socket-io socket.io
12 silly lockFile 71475bfd-socket-io socket.io
13 verbose addNamed [ 'socket.io', '' ]
14 verbose addNamed [ null, '*' ]
15 silly lockFile c03de861-socket-io socket.io@
16 verbose lock socket.io@ /home/ventura/.npm/c03de861-socket-io.lock
17 silly addNameRange { name: 'socket.io', range: '*', hasData: false }
18 verbose request where is /socket.io
19 verbose request registry https://registry.npmjs.org/
20 verbose request id 08064826ff5e70f1
21 verbose url raw /socket.io
22 verbose url resolving [ 'https://registry.npmjs.org/', './socket.io' ]
23 verbose url resolved https://registry.npmjs.org/socket.io
24 verbose request where is https://registry.npmjs.org/socket.io
25 info trying registry request attempt 1 at 23:27:06
26 verbose etag "32LT11QEV82YY4TOAY7FQ5GK4"
27 http GET https://registry.npmjs.org/socket.io
28 http 200 https://registry.npmjs.org/socket.io
29 silly registry.get cb [ 200,
29 silly registry.get   { server: 'CouchDB/1.5.0 (Erlang OTP/R16B03)',
29 silly registry.get     etag: '"F3RZC8XMEEW5T320LO7RRSS1Q"',
29 silly registry.get     'content-type': 'application/json',
29 silly registry.get     'cache-control': 'max-age=60',
29 silly registry.get     'content-length': '113554',
29 silly registry.get     'accept-ranges': 'bytes',
29 silly registry.get     date: 'Thu, 27 Aug 2015 02:27:07 GMT',
29 silly registry.get     via: '1.1 varnish',
29 silly registry.get     age: '57',
29 silly registry.get     connection: 'keep-alive',
29 silly registry.get     'x-served-by': 'cache-iad2140-IAD',
29 silly registry.get     'x-cache': 'HIT',
29 silly registry.get     'x-cache-hits': '1',
29 silly registry.get     'x-timer': 'S1440642427.530461,VS0,VE1',
29 silly registry.get     vary: 'Accept' } ]
30 silly addNameRange number 2 { name: 'socket.io', range: '*', hasData: true }
31 silly addNameRange versions [ 'socket.io',
31 silly addNameRange   [ '0.3.8',
31 silly addNameRange     '0.4.0',
31 silly addNameRange     '0.4.1',
31 silly addNameRange     '0.5.1',
31 silly addNameRange     '0.5.3',
31 silly addNameRange     '0.6.0',
31 silly addNameRange     '0.6.1',
31 silly addNameRange     '0.6.3',
31 silly addNameRange     '0.6.4',
31 silly addNameRange     '0.6.5',
31 silly addNameRange     '0.6.6',
31 silly addNameRange     '0.6.7',
31 silly addNameRange     '0.6.8',
31 silly addNameRange     '0.6.9',
31 silly addNameRange     '0.6.10',
31 silly addNameRange     '0.6.11',
31 silly addNameRange     '0.6.12',
31 silly addNameRange     '0.6.14',
31 silly addNameRange     '0.6.15',
31 silly addNameRange     '0.6.16',
31 silly addNameRange     '0.6.17',
31 silly addNameRange     '0.6.18',
31 silly addNameRange     '0.7.0',
31 silly addNameRange     '0.7.1',
31 silly addNameRange     '0.7.2',
31 silly addNameRange     '0.7.3',
31 silly addNameRange     '0.7.4',
31 silly addNameRange     '0.7.5',
31 silly addNameRange     '0.7.6',
31 silly addNameRange     '0.7.7',
31 silly addNameRange     '0.7.8',
31 silly addNameRange     '0.7.9',
31 silly addNameRange     '0.7.10',
31 silly addNameRange     '0.7.11',
31 silly addNameRange     '0.8.0',
31 silly addNameRange     '0.8.1',
31 silly addNameRange     '0.8.2',
31 silly addNameRange     '0.8.3',
31 silly addNameRange     '0.8.4',
31 silly addNameRange     '0.8.5',
31 silly addNameRange     '0.8.6',
31 silly addNameRange     '0.8.7',
31 silly addNameRange     '0.9.0',
31 silly addNameRange     '0.9.1',
31 silly addNameRange     '0.9.1-1',
31 silly addNameRange     '0.9.2',
31 silly addNameRange     '0.9.3',
31 silly addNameRange     '0.9.4',
31 silly addNameRange     '0.9.5',
31 silly addNameRange     '0.9.6',
31 silly addNameRange     '0.9.7',
31 silly addNameRange     '0.9.8',
31 silly addNameRange     '0.9.9',
31 silly addNameRange     '0.9.10',
31 silly addNameRange     '0.9.11',
31 silly addNameRange     '0.9.12',
31 silly addNameRange     '0.9.13',
31 silly addNameRange     '0.9.14',
31 silly addNameRange     '0.9.15',
31 silly addNameRange     '0.9.16',
31 silly addNameRange     '1.0.0-pre',
31 silly addNameRange     '1.0.0-pre2',
31 silly addNameRange     '1.0.0-pre3',
31 silly addNameRange     '1.0.0-pre4',
31 silly addNameRange     '1.0.0-pre5',
31 silly addNameRange     '0.9.17',
31 silly addNameRange     '1.0.0',
31 silly addNameRange     '1.0.1',
31 silly addNameRange     '1.0.2',
31 silly addNameRange     '1.0.3',
31 silly addNameRange     '1.0.4',
31 silly addNameRange     '1.0.5',
31 silly addNameRange     '1.0.6',
31 silly addNameRange     '1.1.0',
31 silly addNameRange     '1.2.0',
31 silly addNameRange     '1.2.1',
31 silly addNameRange     '1.3.0',
31 silly addNameRange     '1.3.1',
31 silly addNameRange     '1.3.2',
31 silly addNameRange     '1.3.3',
31 silly addNameRange     '1.3.4',
31 silly addNameRange     '1.3.5',
31 silly addNameRange     '1.3.6' ] ]
32 verbose addNamed [ 'socket.io', '1.3.6' ]
33 verbose addNamed [ '1.3.6', '1.3.6' ]
34 silly lockFile 79923448-socket-io-1-3-6 socket.io@1.3.6
35 verbose lock socket.io@1.3.6 /home/ventura/.npm/79923448-socket-io-1-3-6.lock
36 silly lockFile 5535f38b-rg-socket-io-socket-io-1-3-6-tgz https://registry.npmjs.org/socket.io/-/socket.io-1.3.6.tgz
37 verbose lock https://registry.npmjs.org/socket.io/-/socket.io-1.3.6.tgz /home/ventura/.npm/5535f38b-rg-socket-io-socket-io-1-3-6-tgz.lock
38 verbose addRemoteTarball [ 'https://registry.npmjs.org/socket.io/-/socket.io-1.3.6.tgz',
38 verbose addRemoteTarball   '1ef8ec4d8edea6499c8febd2a16b6d15b4dc15bd' ]
39 info retry fetch attempt 1 at 23:27:08
40 verbose fetch to= /tmp/npm-16351-lksQ2k1v/registry.npmjs.org/socket.io/-/socket.io-1.3.6.tgz
41 http GET https://registry.npmjs.org/socket.io/-/socket.io-1.3.6.tgz
42 http 200 https://registry.npmjs.org/socket.io/-/socket.io-1.3.6.tgz
43 silly lockFile 5535f38b-rg-socket-io-socket-io-1-3-6-tgz https://registry.npmjs.org/socket.io/-/socket.io-1.3.6.tgz
44 silly lockFile 5535f38b-rg-socket-io-socket-io-1-3-6-tgz https://registry.npmjs.org/socket.io/-/socket.io-1.3.6.tgz
45 silly lockFile 79923448-socket-io-1-3-6 socket.io@1.3.6
46 silly lockFile 79923448-socket-io-1-3-6 socket.io@1.3.6
47 silly lockFile c03de861-socket-io socket.io@
48 silly lockFile c03de861-socket-io socket.io@
49 error Error: EACCES, mkdir '/home/ventura/.npm/socket.io/1.3.6'
49 error  { [Error: EACCES, mkdir '/home/ventura/.npm/socket.io/1.3.6']
49 error   errno: 3,
49 error   code: 'EACCES',
49 error   path: '/home/ventura/.npm/socket.io/1.3.6',
49 error   parent: 'translate-app' }
50 error Please try running this command again as root/Administrator.
51 error System Linux 3.13.0-24-generic
52 error command "/usr/local/bin/node" "/usr/local/bin/npm" "install" "--save" "socket.io"
53 error cwd /home/ventura/Projects/dopewars
54 error node -v v0.10.32
55 error npm -v 1.4.28
56 error path /home/ventura/.npm/socket.io/1.3.6
57 error code EACCES
58 error errno 3
59 error stack Error: EACCES, mkdir '/home/ventura/.npm/socket.io/1.3.6'
60 verbose exit [ 3, true ]
